
2023/04/26 (22:53:51) | ===> btop++ v.1.2.13
2023/04/26 (22:53:51) | ERROR: Invalid hex value: 89dceb

# Process box color gradient for threads, mem and cpu usage (Sapphire -> Mauve)
theme[process_start]=
2023/04/26 (22:53:51) | ERROR: Invalid hex value: 89dceb

# Process box color gradient for threads, mem and cpu usage (Sapphire -> Mauve)
theme[process_start]=
2023/04/26 (22:53:53) | ERROR: Invalid hex value: 89dceb

# Process box color gradient for threads, mem and cpu usage (Sapphire -> Mauve)
theme[process_start]=
2023/04/26 (22:53:54) | ERROR: Invalid hex value: 89dceb

# Process box color gradient for threads, mem and cpu usage (Sapphire -> Mauve)
theme[process_start]=
2023/04/26 (22:53:55) | ERROR: Invalid hex value: 89dceb

# Process box color gradient for threads, mem and cpu usage (Sapphire -> Mauve)
theme[process_start]=
2023/04/26 (22:53:55) | ERROR: Invalid hex value: 89dceb

# Process box color gradient for threads, mem and cpu usage (Sapphire -> Mauve)
theme[process_start]=
2023/04/26 (22:53:57) | ERROR: Invalid hex value: 40a02b
theme[temp_mid]=
2023/04/26 (22:54:00) | ERROR: Invalid hex value: 89dceb

# Process box color gradient for threads, mem and cpu usage (Sapphire -> Mauve)
theme[process_start]=

2023/04/27 (00:44:42) | ===> btop++ v.1.2.13
2023/04/27 (00:44:42) | ERROR: Invalid hex value: 89dceb

# Process box color gradient for threads, mem and cpu usage (Sapphire -> Mauve)
theme[process_start]=

2023/05/27 (02:50:22) | ===> btop++ v.1.2.13
2023/05/27 (02:50:22) | ERROR: Invalid hex value: 89dceb

# Process box color gradient for threads, mem and cpu usage (Sapphire -> Mauve)
theme[process_start]=

2023/05/27 (02:50:43) | ===> btop++ v.1.2.13
2023/05/27 (02:50:43) | ERROR: Invalid hex value: 89dceb

# Process box color gradient for threads, mem and cpu usage (Sapphire -> Mauve)
theme[process_start]=

2023/05/27 (09:46:30) | ===> btop++ v.1.2.13
2023/05/27 (09:46:30) | ERROR: Invalid hex value: 89dceb

# Process box color gradient for threads, mem and cpu usage (Sapphire -> Mauve)
theme[process_start]=

2023/05/31 (15:48:03) | ===> btop++ v.1.2.13
2023/05/31 (15:48:03) | ERROR: Invalid hex value: 89dceb

# Process box color gradient for threads, mem and cpu usage (Sapphire -> Mauve)
theme[process_start]=
2023/05/31 (15:48:14) | ERROR: Invalid hex value: 40a02b
theme[temp_mid]=
